#
# A fatal error has been detected by the Java Runtime Environment:
#
#  SIGSEGV (0xb) at pc=0x00007fff70975678, pid=24899, tid=0x0000000000015f13
#
# JRE version: OpenJDK Runtime Environment (8.0_265-b01) (build 1.8.0_265-b01)
# Java VM: OpenJDK 64-Bit Server VM (25.265-b01 mixed mode bsd-amd64 compressed oops)
# Problematic frame:
# C  [libobjc.A.dylib+0x8678]  objc_release+0x18
#
# Failed to write core dump. Core dumps have been disabled. To enable core dumping, try "ulimit -c unlimited" before starting Java again
#
# If you would like to submit a bug report, please visit:
#   http://bugreport.java.com/bugreport/crash.jsp
# The crash happened outside the Java Virtual Machine in native code.
# See problematic frame for where to report the bug.
#

---------------  T H R E A D  ---------------

Current thread (0x00007f837797e800):  JavaThread "Animation Thread" [_thread_in_native, id=89875, stack(0x000070000f5b2000,0x000070000f6b2000)]

siginfo: si_signo: 11 (SIGSEGV), si_code: 1 (SEGV_MAPERR), si_addr: 0x0000000000000020

Registers:
RAX=0x0000000000000000, RBX=0x00007f83758e6000, RCX=0x00007f83758e60f0, RDX=0x000000000008dd40
RSP=0x000070000f6b16b8, RBP=0x000070000f6b16e0, RSI=0x00007f8376800000, RDI=0x00007f8374ceefa0
R8 =0x0000000000006b14, R9 =0x000000000000000c, R10=0x00007f8376800000, R11=0x00007f837686ff60
R12=0x0000000000000000, R13=0x00000001107f2580, R14=0x00007f83758e6038, R15=0xa3a3a3a3a3a3a3a3
RIP=0x00007fff70975678, EFLAGS=0x0000000000010246, ERR=0x0000000000000004
  TRAPNO=0x000000000000000e

Top of Stack: (sp=0x000070000f6b16b8)
0x000070000f6b16b8:   00007fff70991054 1ef5edd1581a0000
0x000070000f6b16c8:   00007f83758e6000 00007fff7c074aa7
0x000070000f6b16d8:   00007fff7beabdd3 000070000f6b1700
0x000070000f6b16e8:   00007fff70975dba 1ef5edd1581a009e
0x000070000f6b16f8:   00007f83758e6038 000070000f6b1720
0x000070000f6b1708:   00007fff37a76a85 1ef5edd1581a009e
0x000070000f6b1718:   00007f8374e292e0 000070000f6b1760
0x000070000f6b1728:   00007fff3a12573e 000070000f6b1760
0x000070000f6b1738:   00000001130e0201 0000000000000000
0x000070000f6b1748:   1ef5edd1581a009e 00007f837686e8f0
0x000070000f6b1758:   00007f8374e292e0 000070000f6b1790
0x000070000f6b1768:   00000001130df7f7 00000001146fe040
0x000070000f6b1778:   00007f8374cf6d30 00007f8374e0dc58
0x000070000f6b1788:   00007f837797e800 000070000f6b17b0
0x000070000f6b1798:   00000001130d4828 00000001147145d0
0x000070000f6b17a8:   00007f8374e0dc48 000070000f6b17d0
0x000070000f6b17b8:   00000001130d3bcd 00007f8374e0dc40
0x000070000f6b17c8:   0000000000000000 000070000f6b1800
0x000070000f6b17d8:   00000001130d3a44 000070000f6b1858
0x000070000f6b17e8:   0000000117d18ffd 00007f837797ea50
0x000070000f6b17f8:   000070000f6b18b8 000070000f6b1820
0x000070000f6b1808:   0000000112a21e08 00000001107f2580
0x000070000f6b1818:   000070000f6b18b8 000070000f6b1888
0x000070000f6b1828:   0000000117d29407 00000001109efa18
0x000070000f6b1838:   0000000000000000 00000001109cfa20
0x000070000f6b1848:   000070000f6b1848 0000000000000000
0x000070000f6b1858:   000070000f6b18b8 00000001107f2a10
0x000070000f6b1868:   0000000000000000 00000001107f2580
0x000070000f6b1878:   0000000000000000 000070000f6b18a8
0x000070000f6b1888:   000070000f6b1900 0000000117d187d0
0x000070000f6b1898:   0000000716223578 0000000117d22a40
0x000070000f6b18a8:   0000000000000000 00007f8374e0dc40 

Instructions: (pc=0x00007fff70975678)
0x00007fff70975658:   90 90 e9 60 3e 00 00 90 48 85 ff 74 64 40 f6 c7
0x00007fff70975668:   01 75 5e 48 b8 f8 ff ff ff ff 7f 00 00 48 23 07
0x00007fff70975678:   f6 40 20 04 74 69 48 b9 00 00 00 00 00 00 00 01
0x00007fff70975688:   48 ba 00 00 00 00 00 00 40 00 48 8b 07 a8 01 74 

Register to memory mapping:

RAX=0x0000000000000000 is an unknown value
RBX=0x00007f83758e6000 is an unknown value
RCX=0x00007f83758e60f0 is an unknown value
RDX=0x000000000008dd40 is an unknown value
RSP=0x000070000f6b16b8 is pointing into the stack for thread: 0x00007f837797e800
RBP=0x000070000f6b16e0 is pointing into the stack for thread: 0x00007f837797e800
RSI=0x00007f8376800000 is an unknown value
RDI=0x00007f8374ceefa0 is an unknown value
R8 =0x0000000000006b14 is an unknown value
R9 =0x000000000000000c is an unknown value
R10=0x00007f8376800000 is an unknown value
R11=0x00007f837686ff60 is an unknown value
R12=0x0000000000000000 is an unknown value
R13={method} {0x00000001107f2580} 'open_3' '(JI)Z' in 'org/opencv/videoio/VideoCapture'
R14=0x00007f83758e6038 is an unknown value
R15=0xa3a3a3a3a3a3a3a3 is an unknown value


Stack: [0x000070000f5b2000,0x000070000f6b2000],  sp=0x000070000f6b16b8,  free space=1021k
Native frames: (J=compiled Java code, j=interpreted, Vv=VM code, C=native code)
C  [libobjc.A.dylib+0x8678]  objc_release+0x18
C  [libobjc.A.dylib+0x8dba]  objc_autoreleasePoolPop+0xaf
C  [CoreFoundation+0x41a85]  _CFAutoreleasePoolPop+0x16
C  [Foundation+0x3373e]  -[NSAutoreleasePool drain]+0x7e
C  [libopencv_java320.dylib+0x70f7f7]  _ZN12CvCaptureCAMD0Ev+0xa7
C  [libopencv_java320.dylib+0x704828]  _ZN2cv6detail12PtrOwnerImplI9CvCaptureNS_14DefaultDeleterIS2_EEE10deleteSelfEv+0x18
C  [libopencv_java320.dylib+0x703bcd]  _ZN2cv12VideoCapture7releaseEv+0x5d
C  [libopencv_java320.dylib+0x703a44]  _ZN2cv12VideoCapture4openEi+0x24
C  [libopencv_java320.dylib+0x51e08]  Java_org_opencv_videoio_VideoCapture_open_13+0x18
j  org.opencv.videoio.VideoCapture.open_3(JI)Z+0
j  org.opencv.videoio.VideoCapture.open(I)Z+5
j  ProcessingTest.draw()V+28
j  processing.core.PApplet.handleDraw()V+162
j  processing.awt.PSurfaceAWT$12.callDraw()V+7
j  processing.core.PSurfaceNone$AnimationThread.run()V+30
v  ~StubRoutines::call_stub
V  [libjvm.dylib+0x2c7e0f]
V  [libjvm.dylib+0x2c6c5b]
V  [libjvm.dylib+0x2c6e37]
V  [libjvm.dylib+0x33e001]
V  [libjvm.dylib+0x559256]
V  [libjvm.dylib+0x55911b]
V  [libjvm.dylib+0x487e8f]
C  [libsystem_pthread.dylib+0x6109]  _pthread_start+0x94
C  [libsystem_pthread.dylib+0x1b8b]  thread_start+0xf
C  0x0000000000000000

Java frames: (J=compiled Java code, j=interpreted, Vv=VM code)
j  org.opencv.videoio.VideoCapture.open_3(JI)Z+0
j  org.opencv.videoio.VideoCapture.open(I)Z+5
j  ProcessingTest.draw()V+28
j  processing.core.PApplet.handleDraw()V+162
j  processing.awt.PSurfaceAWT$12.callDraw()V+7
j  processing.core.PSurfaceNone$AnimationThread.run()V+30
v  ~StubRoutines::call_stub

---------------  P R O C E S S  ---------------

Java Threads: ( => current thread )
  0x00007f838028a000 JavaThread "Attach Listener" daemon [_thread_blocked, id=110083, stack(0x000070000f944000,0x000070000fa44000)]
  0x00007f837797f000 JavaThread "DestroyJavaVM" [_thread_blocked, id=5635, stack(0x000070000c68d000,0x000070000c78d000)]
=>0x00007f837797e800 JavaThread "Animation Thread" [_thread_in_native, id=89875, stack(0x000070000f5b2000,0x000070000f6b2000)]
  0x00007f8380220000 JavaThread "AWT-EventQueue-0" [_thread_blocked, id=65027, stack(0x000070000f4af000,0x000070000f5af000)]
  0x00007f837711e800 JavaThread "Image Fetcher 0" daemon [_thread_blocked, id=60427, stack(0x000070000f3ac000,0x000070000f4ac000)]
  0x00007f83758b4000 JavaThread "Java2D Disposer" daemon [_thread_blocked, id=68111, stack(0x000070000f2a9000,0x000070000f3a9000)]
  0x00007f83770a4000 JavaThread "Java2D Queue Flusher" daemon [_thread_blocked, id=70923, stack(0x000070000f1a6000,0x000070000f2a6000)]
  0x00007f837512b000 JavaThread "AWT-Shutdown" [_thread_blocked, id=33059, stack(0x000070000e979000,0x000070000ea79000)]
  0x00007f8380174000 JavaThread "AppKit Thread" daemon [_thread_in_native, id=775, stack(0x00007ffee4a64000,0x00007ffee5264000)]
  0x00007f8376078800 JavaThread "Service Thread" daemon [_thread_blocked, id=26371, stack(0x000070000e6f0000,0x000070000e7f0000)]
  0x00007f8377037800 JavaThread "C1 CompilerThread11" daemon [_thread_blocked, id=41219, stack(0x000070000e5ed000,0x000070000e6ed000)]
  0x00007f8375813800 JavaThread "C1 CompilerThread10" daemon [_thread_blocked, id=25603, stack(0x000070000e4ea000,0x000070000e5ea000)]
  0x00007f83750ba800 JavaThread "C1 CompilerThread9" daemon [_thread_blocked, id=25347, stack(0x000070000e3e7000,0x000070000e4e7000)]
  0x00007f8375812800 JavaThread "C1 CompilerThread8" daemon [_thread_blocked, id=25091, stack(0x000070000e2e4000,0x000070000e3e4000)]
  0x00007f8336011000 JavaThread "C2 CompilerThread7" daemon [_thread_blocked, id=42243, stack(0x000070000e1e1000,0x000070000e2e1000)]
  0x00007f8336008800 JavaThread "C2 CompilerThread6" daemon [_thread_blocked, id=42499, stack(0x000070000e0de000,0x000070000e1de000)]
  0x00007f8335810800 JavaThread "C2 CompilerThread5" daemon [_thread_blocked, id=24579, stack(0x000070000dfdb000,0x000070000e0db000)]
  0x00007f8377845000 JavaThread "C2 CompilerThread4" daemon [_thread_blocked, id=24067, stack(0x000070000ded8000,0x000070000dfd8000)]
  0x00007f8377026800 JavaThread "C2 CompilerThread3" daemon [_thread_blocked, id=23555, stack(0x000070000ddd5000,0x000070000ded5000)]
  0x00007f8377026000 JavaThread "C2 CompilerThread2" daemon [_thread_blocked, id=23043, stack(0x000070000dcd2000,0x000070000ddd2000)]
  0x00007f837783c000 JavaThread "C2 CompilerThread1" daemon [_thread_blocked, id=22787, stack(0x000070000dbcf000,0x000070000dccf000)]
  0x00007f8377025000 JavaThread "C2 CompilerThread0" daemon [_thread_blocked, id=22531, stack(0x000070000dacc000,0x000070000dbcc000)]
  0x00007f83750b9800 JavaThread "Monitor Ctrl-Break" daemon [_thread_in_native, id=22019, stack(0x000070000d9c9000,0x000070000dac9000)]
  0x00007f8375028800 JavaThread "Signal Dispatcher" daemon [_thread_blocked, id=16643, stack(0x000070000d8c6000,0x000070000d9c6000)]
  0x00007f837600f000 JavaThread "Finalizer" daemon [_thread_blocked, id=18691, stack(0x000070000d6bd000,0x000070000d7bd000)]
  0x00007f837600c000 JavaThread "Reference Handler" daemon [_thread_blocked, id=14339, stack(0x000070000d5ba000,0x000070000d6ba000)]

Other Threads:
  0x00007f8375811800 VMThread [stack: 0x000070000d4b7000,0x000070000d5b7000] [id=14083]
  0x00007f8376009000 WatcherThread [stack: 0x000070000e7f3000,0x000070000e8f3000] [id=26883]

VM state:not at safepoint (normal execution)

VM Mutex/Monitor currently owned by a thread: None

heap address: 0x00000005c0000000, size: 8192 MB, Compressed Oops mode: Zero based, Oop shift amount: 3
Narrow klass base: 0x0000000000000000, Narrow klass shift: 3
Compressed class space size: 1073741824 Address: 0x00000007c0000000

Heap:
 PSYoungGen      total 153088K, used 47405K [0x0000000715580000, 0x0000000720000000, 0x00000007c0000000)
  eden space 131584K, 36% used [0x0000000715580000,0x00000007183cb6f0,0x000000071d600000)
  from space 21504K, 0% used [0x000000071eb00000,0x000000071eb00000,0x0000000720000000)
  to   space 21504K, 0% used [0x000000071d600000,0x000000071d600000,0x000000071eb00000)
 ParOldGen       total 349696K, used 0K [0x00000005c0000000, 0x00000005d5580000, 0x0000000715580000)
  object space 349696K, 0% used [0x00000005c0000000,0x00000005c0000000,0x00000005d5580000)
 Metaspace       used 11061K, capacity 11376K, committed 11392K, reserved 1058816K
  class space    used 1291K, capacity 1393K, committed 1408K, reserved 1048576K

Card table byte_map: [0x000000010d83a000,0x000000010e83b000] byte_map_base: 0x000000010aa3a000

Marking Bits: (ParMarkBitMap*) 0x000000010d10edc8
 Begin Bits: [0x0000000126d11000, 0x000000012ed11000)
 End Bits:   [0x000000012ed11000, 0x0000000136d11000)

Polling page: 0x000000010a9ef000

CodeCache: size=245760Kb used=4267Kb max_used=4267Kb free=241492Kb
 bounds [0x0000000117d11000, 0x0000000118141000, 0x0000000126d11000]
 total_blobs=1203 nmethods=599 adapters=515
 compilation: enabled

Compilation events (10 events):
Event: 1.972 Thread 0x00007f8375813800 nmethod 594 0x0000000118125f50 code [0x00000001181260c0, 0x0000000118126250]
Event: 1.972 Thread 0x00007f8375812800 nmethod 593 0x0000000118139b10 code [0x0000000118139d60, 0x000000011813aaa8]
Event: 2.076 Thread 0x00007f83750ba800  596       3       java.util.concurrent.locks.AbstractQueuedSynchronizer::compareAndSetState (13 bytes)
Event: 2.076 Thread 0x00007f83750ba800 nmethod 596 0x0000000118125c10 code [0x0000000118125d60, 0x0000000118125ed0]
Event: 3.234 Thread 0x00007f8377037800  597       3       sun.java2d.pisces.Renderer::addLine (295 bytes)
Event: 3.235 Thread 0x00007f8377037800 nmethod 597 0x000000011813b850 code [0x000000011813bae0, 0x000000011813c9e8]
Event: 3.453 Thread 0x00007f8375813800  598       3       sun.awt.AWTAutoShutdown::isReadyToShutdown (37 bytes)
Event: 3.453 Thread 0x00007f8375813800 nmethod 598 0x00000001181255d0 code [0x0000000118125760, 0x0000000118125b18]
Event: 3.468 Thread 0x00007f8375812800  599       3       sun.awt.AWTAutoShutdown::getInstance (4 bytes)
Event: 3.468 Thread 0x00007f8375812800 nmethod 599 0x00000001181252d0 code [0x0000000118125420, 0x0000000118125550]

GC Heap History (0 events):
No events

Deoptimization events (0 events):
No events

Classes redefined (0 events):
No events

Internal exceptions (10 events):
Event: 0.024 Thread 0x00007f8377009000 Exception <a 'java/lang/NoSuchMethodError': Method sun.misc.Unsafe.prefetchRead(Ljava/lang/Object;J)V name or signature does not match> (0x0000000715587fa8) thrown at [/Users/jenkins/workspace/build-scripts/jobs/jdk8u/jdk8u-mac-x64-hotspot/workspace/build
Event: 0.124 Thread 0x00007f8377009000 Exception <a 'java/security/PrivilegedActionException'> (0x0000000715fdc0a0) thrown at [/Users/jenkins/workspace/build-scripts/jobs/jdk8u/jdk8u-mac-x64-hotspot/workspace/build/src/hotspot/src/share/vm/prims/jvm.cpp, line 1512]
Event: 0.124 Thread 0x00007f8377009000 Exception <a 'java/security/PrivilegedActionException'> (0x0000000715fdc2b0) thrown at [/Users/jenkins/workspace/build-scripts/jobs/jdk8u/jdk8u-mac-x64-hotspot/workspace/build/src/hotspot/src/share/vm/prims/jvm.cpp, line 1512]
Event: 0.124 Thread 0x00007f8377009000 Exception <a 'java/security/PrivilegedActionException'> (0x0000000715fdf6b8) thrown at [/Users/jenkins/workspace/build-scripts/jobs/jdk8u/jdk8u-mac-x64-hotspot/workspace/build/src/hotspot/src/share/vm/prims/jvm.cpp, line 1512]
Event: 0.124 Thread 0x00007f8377009000 Exception <a 'java/security/PrivilegedActionException'> (0x0000000715fdf8c8) thrown at [/Users/jenkins/workspace/build-scripts/jobs/jdk8u/jdk8u-mac-x64-hotspot/workspace/build/src/hotspot/src/share/vm/prims/jvm.cpp, line 1512]
Event: 0.170 Thread 0x00007f8377009000 Exception <a 'java/lang/NoSuchFieldError': method resolution failed> (0x0000000716123490) thrown at [/Users/jenkins/workspace/build-scripts/jobs/jdk8u/jdk8u-mac-x64-hotspot/workspace/build/src/hotspot/src/share/vm/prims/methodHandles.cpp, line 1169]
Event: 0.171 Thread 0x00007f8377009000 Exception <a 'java/lang/NoSuchFieldError': method resolution failed> (0x0000000716131480) thrown at [/Users/jenkins/workspace/build-scripts/jobs/jdk8u/jdk8u-mac-x64-hotspot/workspace/build/src/hotspot/src/share/vm/prims/methodHandles.cpp, line 1169]
Event: 0.436 Thread 0x00007f8377009000 Exception <a 'java/io/FileNotFoundException'> (0x00000007161d4df8) thrown at [/Users/jenkins/workspace/build-scripts/jobs/jdk8u/jdk8u-mac-x64-hotspot/workspace/build/src/hotspot/src/share/vm/prims/jni.cpp, line 711]
Event: 0.436 Thread 0x00007f8377009000 Exception <a 'java/io/FileNotFoundException'> (0x00000007161d5990) thrown at [/Users/jenkins/workspace/build-scripts/jobs/jdk8u/jdk8u-mac-x64-hotspot/workspace/build/src/hotspot/src/share/vm/prims/jni.cpp, line 711]
Event: 0.479 Thread 0x00007f8380174000 Exception <a 'java/lang/ClassNotFoundException': sun/dc/DuctusRenderingEngine> (0x00000007167c0a98) thrown at [/Users/jenkins/workspace/build-scripts/jobs/jdk8u/jdk8u-mac-x64-hotspot/workspace/build/src/hotspot/src/share/vm/classfile/systemDictionary.cpp,

Events (10 events):
Event: 1.125 loading class sun/util/resources/OpenListResourceBundle
Event: 1.125 loading class sun/util/resources/OpenListResourceBundle done
Event: 1.125 loading class sun/util/resources/TimeZoneNamesBundle done
Event: 1.125 loading class sun/util/resources/TimeZoneNames done
Event: 1.126 loading class sun/util/resources/en/TimeZoneNames_en
Event: 1.126 loading class sun/util/resources/en/TimeZoneNames_en done
Event: 1.126 loading class java/util/LinkedHashMap$LinkedKeySet
Event: 1.126 loading class java/util/LinkedHashMap$LinkedKeySet done
Event: 1.127 loading class sun/util/locale/provider/LocaleResources$ResourceReference
Event: 1.127 loading class sun/util/locale/provider/LocaleResources$ResourceReference done


Dynamic libraries:
0x00007fff36b93000 	/System/Library/Frameworks/Cocoa.framework/Versions/A/Cocoa
0x00007fff4438c000 	/System/Library/Frameworks/Security.framework/Versions/A/Security
0x00007fff35af8000 	/System/Library/Frameworks/ApplicationServices.framework/Versions/A/ApplicationServices
0x00007fff71049000 	/usr/lib/libz.1.dylib
0x00007fff6eb0d000 	/usr/lib/libSystem.B.dylib
0x00007fff37a35000 	/System/Library/Frameworks/CoreFoundation.framework/Versions/A/CoreFoundation
0x00007fff3a0f2000 	/System/Library/Frameworks/Foundation.framework/Versions/C/Foundation
0x00007fff7096d000 	/usr/lib/libobjc.A.dylib
0x00007fff34ce8000 	/System/Library/Frameworks/AppKit.framework/Versions/C/AppKit
0x00007fff37517000 	/System/Library/Frameworks/CoreData.framework/Versions/A/CoreData
0x00007fff68b22000 	/System/Library/PrivateFrameworks/UIFoundation.framework/Versions/A/UIFoundation
0x00007fff63bb6000 	/System/Library/PrivateFrameworks/RemoteViewServices.framework/Versions/A/RemoteViewServices
0x00007fff6b67d000 	/System/Library/PrivateFrameworks/XCTTargetBootstrap.framework/Versions/A/XCTTargetBootstrap
0x00007fff37902000 	/System/Library/Frameworks/CoreDisplay.framework/Versions/A/CoreDisplay
0x00007fff3cfad000 	/System/Library/Frameworks/Metal.framework/Versions/A/Metal
0x00007fff51ba3000 	/System/Library/PrivateFrameworks/DesktopServicesPriv.framework/Versions/A/DesktopServicesPriv
0x00007fff6fc48000 	/usr/lib/liblangid.dylib
0x00007fff50e38000 	/System/Library/PrivateFrameworks/CoreSVG.framework/Versions/A/CoreSVG
0x00007fff66d12000 	/System/Library/PrivateFrameworks/SkyLight.framework/Versions/A/SkyLight
0x00007fff37eb6000 	/System/Library/Frameworks/CoreGraphics.framework/Versions/A/CoreGraphics
0x00007fff336bc000 	/System/Library/Frameworks/Accelerate.framework/Versions/A/Accelerate
0x00007fff70f3a000 	/usr/lib/libxml2.2.dylib
0x00007fff5cb41000 	/System/Library/PrivateFrameworks/IconServices.framework/Versions/A/IconServices
0x00007fff3a8d1000 	/System/Library/Frameworks/IOSurface.framework/Versions/A/IOSurface
0x00007fff6e637000 	/usr/lib/libDiagnosticMessagesClient.dylib
0x00007fff519fd000 	/System/Library/PrivateFrameworks/DFRFoundation.framework/Versions/A/DFRFoundation
0x00007fff6f9d7000 	/usr/lib/libicucore.A.dylib
0x00007fff35e2a000 	/System/Library/Frameworks/AudioToolbox.framework/Versions/A/AudioToolbox
0x00007fff35f0d000 	/System/Library/Frameworks/AudioUnit.framework/Versions/A/AudioUnit
0x00007fff6ed0f000 	/usr/lib/libauto.dylib
0x00007fff51a9f000 	/System/Library/PrivateFrameworks/DataDetectorsCore.framework/Versions/A/DataDetectorsCore
0x00007fff366b4000 	/System/Library/Frameworks/Carbon.framework/Versions/A/Frameworks/HIToolbox.framework/Versions/A/HIToolbox
0x00007fff43586000 	/System/Library/Frameworks/QuartzCore.framework/Versions/A/QuartzCore
0x00007fff369f3000 	/System/Library/Frameworks/Carbon.framework/Versions/A/Frameworks/SpeechRecognition.framework/Versions/A/SpeechRecognition
0x00007fff51511000 	/System/Library/PrivateFrameworks/CoreUI.framework/Versions/A/CoreUI
0x00007fff36f82000 	/System/Library/Frameworks/CoreAudio.framework/Versions/A/CoreAudio
0x00007fff39db1000 	/System/Library/Frameworks/DiskArbitration.framework/Versions/A/DiskArbitration
0x00007fff5eb91000 	/System/Library/PrivateFrameworks/MultitouchSupport.framework/Versions/A/MultitouchSupport
0x00007fff6f89e000 	/usr/lib/libenergytrace.dylib
0x00007fff3a82b000 	/System/Library/Frameworks/IOKit.framework/Versions/A/IOKit
0x00007fff38e1d000 	/System/Library/Frameworks/CoreServices.framework/Versions/A/CoreServices
0x00007fff60d49000 	/System/Library/PrivateFrameworks/PerformanceAnalysis.framework/Versions/A/PerformanceAnalysis
0x00007fff425b9000 	/System/Library/Frameworks/OpenGL.framework/Versions/A/OpenGL
0x00007fff36ba1000 	/System/Library/Frameworks/ColorSync.framework/Versions/A/ColorSync
0x00007fff38539000 	/System/Library/Frameworks/CoreImage.framework/Versions/A/CoreImage
0x00007fff39890000 	/System/Library/Frameworks/CoreText.framework/Versions/A/CoreText
0x00007fff3a961000 	/System/Library/Frameworks/ImageIO.framework/Versions/A/ImageIO
0x00007fff6edf3000 	/usr/lib/libc++.1.dylib
0x00007fff6ee6f000 	/usr/lib/libcompression.dylib
0x00007fff6e97b000 	/usr/lib/libMobileGestalt.dylib
0x00007fff6888c000 	/System/Library/PrivateFrameworks/TextureIO.framework/Versions/A/TextureIO
0x00007fff6ec72000 	/usr/lib/libate.dylib
0x00007fff5cd4a000 	/System/Library/PrivateFrameworks/InternationalSupport.framework/Versions/A/InternationalSupport
0x00007fff7190a000 	/usr/lib/system/libcache.dylib
0x00007fff71910000 	/usr/lib/system/libcommonCrypto.dylib
0x00007fff7191c000 	/usr/lib/system/libcompiler_rt.dylib
0x00007fff71924000 	/usr/lib/system/libcopyfile.dylib
0x00007fff7192e000 	/usr/lib/system/libcorecrypto.dylib
0x00007fff71acd000 	/usr/lib/system/libdispatch.dylib
0x00007fff71b0e000 	/usr/lib/system/libdyld.dylib
0x00007fff71b45000 	/usr/lib/system/libkeymgr.dylib
0x00007fff71b53000 	/usr/lib/system/liblaunch.dylib
0x00007fff71b54000 	/usr/lib/system/libmacho.dylib
0x00007fff71b5a000 	/usr/lib/system/libquarantine.dylib
0x00007fff71b5d000 	/usr/lib/system/libremovefile.dylib
0x00007fff71b5f000 	/usr/lib/system/libsystem_asl.dylib
0x00007fff71b77000 	/usr/lib/system/libsystem_blocks.dylib
0x00007fff71b78000 	/usr/lib/system/libsystem_c.dylib
0x00007fff71c00000 	/usr/lib/system/libsystem_configuration.dylib
0x00007fff71c04000 	/usr/lib/system/libsystem_coreservices.dylib
0x00007fff71c08000 	/usr/lib/system/libsystem_darwin.dylib
0x00007fff71c11000 	/usr/lib/system/libsystem_dnssd.dylib
0x00007fff71c19000 	/usr/lib/system/libsystem_featureflags.dylib
0x00007fff71c1b000 	/usr/lib/system/libsystem_info.dylib
0x00007fff71c96000 	/usr/lib/system/libsystem_m.dylib
0x00007fff71cde000 	/usr/lib/system/libsystem_malloc.dylib
0x00007fff71d06000 	/usr/lib/system/libsystem_networkextension.dylib
0x00007fff71d14000 	/usr/lib/system/libsystem_notify.dylib
0x00007fff71d32000 	/usr/lib/system/libsystem_sandbox.dylib
0x00007fff71d37000 	/usr/lib/system/libsystem_secinit.dylib
0x00007fff71c69000 	/usr/lib/system/libsystem_kernel.dylib
0x00007fff71d1e000 	/usr/lib/system/libsystem_platform.dylib
0x00007fff71d27000 	/usr/lib/system/libsystem_pthread.dylib
0x00007fff71d3a000 	/usr/lib/system/libsystem_symptoms.dylib
0x00007fff71d42000 	/usr/lib/system/libsystem_trace.dylib
0x00007fff71d5a000 	/usr/lib/system/libunwind.dylib
0x00007fff71d60000 	/usr/lib/system/libxpc.dylib
0x00007fff6ee46000 	/usr/lib/libc++abi.dylib
0x00007fff6fc4a000 	/usr/lib/liblzma.5.dylib
0x00007fff6f8c5000 	/usr/lib/libfakelink.dylib
0x00007fff6ebff000 	/usr/lib/libarchive.2.dylib
0x00007fff4543d000 	/System/Library/Frameworks/SystemConfiguration.framework/Versions/A/SystemConfiguration
0x00007fff6e56a000 	/usr/lib/libCRFSuite.dylib
0x00007fff362a4000 	/System/Library/Frameworks/CFNetwork.framework/Versions/A/CFNetwork
0x00007fff6edd5000 	/usr/lib/libbsm.0.dylib
0x00007fff71b46000 	/usr/lib/system/libkxld.dylib
0x00007fff4b37a000 	/System/Library/PrivateFrameworks/AppleFSCompression.framework/Versions/A/AppleFSCompression
0x00007fff6f160000 	/usr/lib/libcoretls.dylib
0x00007fff6f177000 	/usr/lib/libcoretls_cfhelpers.dylib
0x00007fff709b3000 	/usr/lib/libpam.2.dylib
0x00007fff70ae8000 	/usr/lib/libsqlite3.dylib
0x00007fff70f27000 	/usr/lib/libxar.1.dylib
0x00007fff6ede6000 	/usr/lib/libbz2.1.0.dylib
0x00007fff6f8e6000 	/usr/lib/libiconv.2.dylib
0x00007fff6ee5c000 	/usr/lib/libcharset.1.dylib
0x00007fff70450000 	/usr/lib/libnetwork.dylib
0x00007fff709ba000 	/usr/lib/libpcap.A.dylib
0x00007fff6ebb4000 	/usr/lib/libapple_nghttp2.dylib
0x00007fff391d4000 	/System/Library/Frameworks/CoreServices.framework/Versions/A/Frameworks/FSEvents.framework/Versions/A/FSEvents
0x00007fff38ea4000 	/System/Library/Frameworks/CoreServices.framework/Versions/A/Frameworks/CarbonCore.framework/Versions/A/CarbonCore
0x00007fff39418000 	/System/Library/Frameworks/CoreServices.framework/Versions/A/Frameworks/Metadata.framework/Versions/A/Metadata
0x00007fff394b1000 	/System/Library/Frameworks/CoreServices.framework/Versions/A/Frameworks/OSServices.framework/Versions/A/OSServices
0x00007fff394df000 	/System/Library/Frameworks/CoreServices.framework/Versions/A/Frameworks/SearchKit.framework/Versions/A/SearchKit
0x00007fff38e1e000 	/System/Library/Frameworks/CoreServices.framework/Versions/A/Frameworks/AE.framework/Versions/A/AE
0x00007fff391dd000 	/System/Library/Frameworks/CoreServices.framework/Versions/A/Frameworks/LaunchServices.framework/Versions/A/LaunchServices
0x00007fff39186000 	/System/Library/Frameworks/CoreServices.framework/Versions/A/Frameworks/DictionaryServices.framework/Versions/A/DictionaryServices
0x00007fff39547000 	/System/Library/Frameworks/CoreServices.framework/Versions/A/Frameworks/SharedFileList.framework/Versions/A/SharedFileList
0x00007fff3e3d8000 	/System/Library/Frameworks/NetFS.framework/Versions/A/NetFS
0x00007fff5f0c1000 	/System/Library/PrivateFrameworks/NetAuth.framework/Versions/A/NetAuth
0x00007fff6ba4a000 	/System/Library/PrivateFrameworks/login.framework/Versions/A/Frameworks/loginsupport.framework/Versions/A/loginsupport
0x00007fff68357000 	/System/Library/PrivateFrameworks/TCC.framework/Versions/A/TCC
0x00007fff4ffab000 	/System/Library/PrivateFrameworks/CoreNLP.framework/Versions/A/CoreNLP
0x00007fff5e5be000 	/System/Library/PrivateFrameworks/MetadataUtilities.framework/Versions/A/MetadataUtilities
0x00007fff6fd22000 	/usr/lib/libmecabra.dylib
0x00007fff6fc7a000 	/usr/lib/libmecab.dylib
0x00007fff6f8d6000 	/usr/lib/libgermantok.dylib
0x00007fff6eb9b000 	/usr/lib/libThaiTokenizer.dylib
0x00007fff6e5a1000 	/usr/lib/libChineseTokenizer.dylib
0x00007fff336d4000 	/System/Library/Frameworks/Accelerate.framework/Versions/A/Frameworks/vImage.framework/Versions/A/vImage
0x00007fff34b3e000 	/System/Library/Frameworks/Accelerate.framework/Versions/A/Frameworks/vecLib.framework/Versions/A/vecLib
0x00007fff34a7b000 	/System/Library/Frameworks/Accelerate.framework/Versions/A/Frameworks/vecLib.framework/Versions/A/libvMisc.dylib
0x00007fff348a3000 	/System/Library/Frameworks/Accelerate.framework/Versions/A/Frameworks/vecLib.framework/Versions/A/libvDSP.dylib
0x00007fff33d2b000 	/System/Library/Frameworks/Accelerate.framework/Versions/A/Frameworks/vecLib.framework/Versions/A/libBLAS.dylib
0x00007fff34467000 	/System/Library/Frameworks/Accelerate.framework/Versions/A/Frameworks/vecLib.framework/Versions/A/libLAPACK.dylib
0x00007fff34803000 	/System/Library/Frameworks/Accelerate.framework/Versions/A/Frameworks/vecLib.framework/Versions/A/libLinearAlgebra.dylib
0x00007fff34890000 	/System/Library/Frameworks/Accelerate.framework/Versions/A/Frameworks/vecLib.framework/Versions/A/libSparseBLAS.dylib
0x00007fff34819000 	/System/Library/Frameworks/Accelerate.framework/Versions/A/Frameworks/vecLib.framework/Versions/A/libQuadrature.dylib
0x00007fff33f93000 	/System/Library/Frameworks/Accelerate.framework/Versions/A/Frameworks/vecLib.framework/Versions/A/libBNNS.dylib
0x00007fff3481f000 	/System/Library/Frameworks/Accelerate.framework/Versions/A/Frameworks/vecLib.framework/Versions/A/libSparse.dylib
0x00007fff5d132000 	/System/Library/PrivateFrameworks/LanguageModeling.framework/Versions/A/LanguageModeling
0x00007fff4f95b000 	/System/Library/PrivateFrameworks/CoreEmoji.framework/Versions/A/CoreEmoji
0x00007fff5d250000 	/System/Library/PrivateFrameworks/LinguisticData.framework/Versions/A/LinguisticData
0x00007fff5d201000 	/System/Library/PrivateFrameworks/Lexicon.framework/Versions/A/Lexicon
0x00007fff6ee5d000 	/usr/lib/libcmph.dylib
0x00007fff40fc7000 	/System/Library/Frameworks/OpenDirectory.framework/Versions/A/Frameworks/CFOpenDirectory.framework/Versions/A/CFOpenDirectory
0x00007fff40fe4000 	/System/Library/Frameworks/OpenDirectory.framework/Versions/A/OpenDirectory
0x00007fff49427000 	/System/Library/PrivateFrameworks/APFS.framework/Versions/A/APFS
0x00007fff446d6000 	/System/Library/Frameworks/SecurityFoundation.framework/Versions/A/SecurityFoundation
0x00007fff70f23000 	/usr/lib/libutil.dylib
0x00007fff50e90000 	/System/Library/PrivateFrameworks/CoreServicesStore.framework/Versions/A/CoreServicesStore
0x00007fff4478d000 	/System/Library/Frameworks/ServiceManagement.framework/Versions/A/ServiceManagement
0x00007fff4cb4a000 	/System/Library/PrivateFrameworks/BackgroundTaskManagement.framework/Versions/A/BackgroundTaskManagement
0x00007fff71020000 	/usr/lib/libxslt.1.dylib
0x00007fff4b9ed000 	/System/Library/PrivateFrameworks/AppleSystemInfo.framework/Versions/A/AppleSystemInfo
0x00007fff3ab7c000 	/System/Library/Frameworks/ImageIO.framework/Versions/A/Resources/libJPEG.dylib
0x00007fff3ae3b000 	/System/Library/Frameworks/ImageIO.framework/Versions/A/Resources/libTIFF.dylib
0x00007fff3ae1e000 	/System/Library/Frameworks/ImageIO.framework/Versions/A/Resources/libPng.dylib
0x00007fff3aabe000 	/System/Library/Frameworks/ImageIO.framework/Versions/A/Resources/libGIF.dylib
0x00007fff3aac2000 	/System/Library/Frameworks/ImageIO.framework/Versions/A/Resources/libJP2.dylib
0x00007fff3ae39000 	/System/Library/Frameworks/ImageIO.framework/Versions/A/Resources/libRadiance.dylib
0x00007fff6f89f000 	/usr/lib/libexpat.1.dylib
0x00007fff4b4d5000 	/System/Library/PrivateFrameworks/AppleJPEG.framework/Versions/A/AppleJPEG
0x00007fff541a6000 	/System/Library/PrivateFrameworks/FontServices.framework/libFontParser.dylib
0x00007fff6aa4c000 	/System/Library/PrivateFrameworks/WatchdogClient.framework/Versions/A/WatchdogClient
0x00007fff5c78d000 	/System/Library/PrivateFrameworks/IOAccelerator.framework/Versions/A/IOAccelerator
0x00007fff3d348000 	/System/Library/Frameworks/MetalPerformanceShaders.framework/Versions/A/MetalPerformanceShaders
0x00007fff58f23000 	/System/Library/PrivateFrameworks/GPUWrangler.framework/Versions/A/GPUWrangler
0x00007fff5c7a2000 	/System/Library/PrivateFrameworks/IOPresentment.framework/Versions/A/IOPresentment
0x00007fff51a10000 	/System/Library/PrivateFrameworks/DSExternalDisplay.framework/Versions/A/DSExternalDisplay
0x00007fff41958000 	/System/Library/Frameworks/OpenGL.framework/Versions/A/Libraries/libCoreFSCache.dylib
0x00007fff3d094000 	/System/Library/Frameworks/MetalPerformanceShaders.framework/Frameworks/MPSCore.framework/Versions/A/MPSCore
0x00007fff3d0d2000 	/System/Library/Frameworks/MetalPerformanceShaders.framework/Frameworks/MPSImage.framework/Versions/A/MPSImage
0x00007fff3d199000 	/System/Library/Frameworks/MetalPerformanceShaders.framework/Frameworks/MPSNeuralNetwork.framework/Versions/A/MPSNeuralNetwork
0x00007fff3d15d000 	/System/Library/Frameworks/MetalPerformanceShaders.framework/Frameworks/MPSMatrix.framework/Versions/A/MPSMatrix
0x00007fff3d2f8000 	/System/Library/Frameworks/MetalPerformanceShaders.framework/Frameworks/MPSRayIntersector.framework/Versions/A/MPSRayIntersector
0x00007fff3d183000 	/System/Library/Frameworks/MetalPerformanceShaders.framework/Frameworks/MPSNDArray.framework/Versions/A/MPSNDArray
0x00007fff5e60b000 	/System/Library/PrivateFrameworks/MetalTools.framework/Versions/A/MetalTools
0x00007fff4a601000 	/System/Library/PrivateFrameworks/AggregateDictionary.framework/Versions/A/AggregateDictionary
0x00007fff4f3a3000 	/System/Library/PrivateFrameworks/CoreAnalytics.framework/Versions/A/CoreAnalytics
0x00007fff4b90c000 	/System/Library/PrivateFrameworks/AppleSauce.framework/Versions/A/AppleSauce
0x00007fff6e85d000 	/usr/lib/libIOReport.dylib
0x00007fff39a48000 	/System/Library/Frameworks/CoreVideo.framework/Versions/A/CoreVideo
0x00007fff5a39c000 	/System/Library/PrivateFrameworks/GraphVisualizer.framework/Versions/A/GraphVisualizer
0x00007fff536ec000 	/System/Library/PrivateFrameworks/FaceCore.framework/Versions/A/FaceCore
0x00007fff40f6e000 	/System/Library/Frameworks/OpenCL.framework/Versions/A/OpenCL
0x00007fff6e67f000 	/usr/lib/libFosl_dynamic.dylib
0x00007fff5fae1000 	/System/Library/PrivateFrameworks/OTSVG.framework/Versions/A/OTSVG
0x00007fff35bfd000 	/System/Library/Frameworks/ApplicationServices.framework/Versions/A/Frameworks/ATS.framework/Versions/A/Resources/libFontRegistry.dylib
0x00007fff54377000 	/System/Library/PrivateFrameworks/FontServices.framework/libhvf.dylib
0x00007fff41963000 	/System/Library/Frameworks/OpenGL.framework/Versions/A/Libraries/libGFXShared.dylib
0x00007fff41b41000 	/System/Library/Frameworks/OpenGL.framework/Versions/A/Libraries/libGLU.dylib
0x00007fff4196c000 	/System/Library/Frameworks/OpenGL.framework/Versions/A/Libraries/libGL.dylib
0x00007fff41977000 	/System/Library/Frameworks/OpenGL.framework/Versions/A/Libraries/libGLImage.dylib
0x00007fff41955000 	/System/Library/Frameworks/OpenGL.framework/Versions/A/Libraries/libCVMSPluginSupport.dylib
0x00007fff4195e000 	/System/Library/Frameworks/OpenGL.framework/Versions/A/Libraries/libCoreVMClient.dylib
0x00007fff702f1000 	/usr/lib/libncurses.5.4.dylib
0x00007fff35af9000 	/System/Library/Frameworks/ApplicationServices.framework/Versions/A/Frameworks/ATS.framework/Versions/A/ATS
0x00007fff35cc6000 	/System/Library/Frameworks/ApplicationServices.framework/Versions/A/Frameworks/ColorSyncLegacy.framework/Versions/A/ColorSyncLegacy
0x00007fff35d64000 	/System/Library/Frameworks/ApplicationServices.framework/Versions/A/Frameworks/HIServices.framework/Versions/A/HIServices
0x00007fff35dbc000 	/System/Library/Frameworks/ApplicationServices.framework/Versions/A/Frameworks/LangAnalysis.framework/Versions/A/LangAnalysis
0x00007fff35dcb000 	/System/Library/Frameworks/ApplicationServices.framework/Versions/A/Frameworks/PrintCore.framework/Versions/A/PrintCore
0x00007fff35e11000 	/System/Library/Frameworks/ApplicationServices.framework/Versions/A/Frameworks/QD.framework/Versions/A/QD
0x00007fff35e1c000 	/System/Library/Frameworks/ApplicationServices.framework/Versions/A/Frameworks/SpeechSynthesis.framework/Versions/A/SpeechSynthesis
0x00007fff35c96000 	/System/Library/Frameworks/ApplicationServices.framework/Versions/A/Frameworks/ATSUI.framework/Versions/A/ATSUI
0x00007fff6f735000 	/usr/lib/libcups.2.dylib
0x00007fff3c3e3000 	/System/Library/Frameworks/Kerberos.framework/Versions/A/Kerberos
0x00007fff3a524000 	/System/Library/Frameworks/GSS.framework/Versions/A/GSS
0x00007fff70a74000 	/usr/lib/libresolv.9.dylib
0x00007fff5a549000 	/System/Library/PrivateFrameworks/Heimdal.framework/Versions/A/Heimdal
0x00007fff3c3f6000 	/System/Library/Frameworks/Kerberos.framework/Versions/A/Libraries/libHeimdalProxy.dylib
0x00007fff6f8dc000 	/usr/lib/libheimdal-asn1.dylib
0x00007fff4e83b000 	/System/Library/PrivateFrameworks/CommonAuth.framework/Versions/A/CommonAuth
0x00007fff4ba8a000 	/System/Library/PrivateFrameworks/AssertionServices.framework/Versions/A/AssertionServices
0x00007fff4c62d000 	/System/Library/PrivateFrameworks/AudioToolboxCore.framework/Versions/A/AudioToolboxCore
0x00007fff6b6fa000 	/System/Library/PrivateFrameworks/caulk.framework/Versions/A/caulk
0x00007fff4cbf6000 	/System/Library/PrivateFrameworks/BaseBoard.framework/Versions/A/BaseBoard
0x00007fff63d44000 	/System/Library/PrivateFrameworks/RunningBoardServices.framework/Versions/A/RunningBoardServices
0x00007fff60d55000 	/System/Library/PrivateFrameworks/PersistentConnection.framework/Versions/A/PersistentConnection
0x00007fff6373d000 	/System/Library/PrivateFrameworks/ProtocolBuffer.framework/Versions/A/ProtocolBuffer
0x00007fff4e85f000 	/System/Library/PrivateFrameworks/CommonUtilities.framework/Versions/A/CommonUtilities
0x00007fff4cd84000 	/System/Library/PrivateFrameworks/Bom.framework/Versions/A/Bom
0x00007fff6e530000 	/usr/lib/libAudioToolboxUtility.dylib
0x00007fff4cb54000 	/System/Library/PrivateFrameworks/Backup.framework/Versions/A/Backup
0x00007fff51931000 	/System/Library/PrivateFrameworks/CrashReporterSupport.framework/Versions/A/CrashReporterSupport
0x00007fff657d6000 	/System/Library/PrivateFrameworks/Sharing.framework/Versions/A/Sharing
0x00007fff4b098000 	/System/Library/PrivateFrameworks/Apple80211.framework/Versions/A/Apple80211
0x00007fff4c871000 	/System/Library/PrivateFrameworks/AuthKit.framework/Versions/A/AuthKit
0x00007fff5163e000 	/System/Library/PrivateFrameworks/CoreUtils.framework/Versions/A/CoreUtils
0x00007fff39a8d000 	/System/Library/Frameworks/CoreWLAN.framework/Versions/A/CoreWLAN
0x00007fff3a6b1000 	/System/Library/Frameworks/IOBluetooth.framework/Versions/A/IOBluetooth
0x00007fff5e910000 	/System/Library/PrivateFrameworks/MobileKeyBag.framework/Versions/A/MobileKeyBag
0x00007fff50443000 	/System/Library/PrivateFrameworks/CorePhoneNumbers.framework/Versions/A/CorePhoneNumbers
0x00007fff4b488000 	/System/Library/PrivateFrameworks/AppleIDAuthSupport.framework/Versions/A/AppleIDAuthSupport
0x00007fff3e3e5000 	/System/Library/Frameworks/Network.framework/Versions/A/Network
0x00007fff5cfde000 	/System/Library/PrivateFrameworks/KeychainCircle.framework/Versions/A/KeychainCircle
0x00007fff374de000 	/System/Library/Frameworks/CoreBluetooth.framework/Versions/A/CoreBluetooth
0x00007fff67855000 	/System/Library/PrivateFrameworks/SpeechRecognitionCore.framework/Versions/A/SpeechRecognitionCore
0x00007fff2ab00000 	/System/Library/CoreServices/Encodings/libSimplifiedChineseConverter.dylib
0x000000010ca00000 	/Library/Java/JavaVirtualMachines/adoptopenjdk-8.jdk/Contents/Home/jre/lib/server/libjvm.dylib
0x000000010a9de000 	/Library/Java/JavaVirtualMachines/adoptopenjdk-8.jdk/Contents/Home/jre/lib/libverify.dylib
0x000000010d3db000 	/Library/Java/JavaVirtualMachines/adoptopenjdk-8.jdk/Contents/Home/jre/lib/libjava.dylib
0x000000010d40e000 	/Library/Java/JavaVirtualMachines/adoptopenjdk-8.jdk/Contents/Home/jre/lib/libinstrument.dylib
0x000000010d46d000 	/Library/Java/JavaVirtualMachines/adoptopenjdk-8.jdk/Contents/Home/jre/lib/libzip.dylib
0x00000001129a4000 	/Library/Java/JavaVirtualMachines/adoptopenjdk-8.jdk/Contents/Home/jre/lib/libnio.dylib
0x00000001129b6000 	/Library/Java/JavaVirtualMachines/adoptopenjdk-8.jdk/Contents/Home/jre/lib/libnet.dylib
0x00000001129d0000 	/Users/jincheng/Desktop/INFO_PROJ/lib/OpenCV320/code/libopencv_java320.dylib
0x00007fff332d4000 	/System/Library/Frameworks/AVFoundation.framework/Versions/A/AVFoundation
0x00007fff38c55000 	/System/Library/Frameworks/CoreMedia.framework/Versions/A/CoreMedia
0x00007fff334d0000 	/System/Library/Frameworks/AVFoundation.framework/Versions/A/Frameworks/AVFAudio.framework/Versions/A/AVFAudio
0x00007fff5dd5a000 	/System/Library/PrivateFrameworks/MediaExperience.framework/Versions/A/MediaExperience
0x00007fff3c85e000 	/System/Library/Frameworks/MediaToolbox.framework/Versions/A/MediaToolbox
0x00007fff45737000 	/System/Library/Frameworks/VideoToolbox.framework/Versions/A/VideoToolbox
0x00007fff38d31000 	/System/Library/Frameworks/CoreMediaIO.framework/Versions/A/CoreMediaIO
0x00007fff6e523000 	/usr/lib/libAudioStatistics.dylib
0x00007fff6ba92000 	/System/Library/PrivateFrameworks/perfdata.framework/Versions/A/perfdata
0x00007fff70a30000 	/usr/lib/libperfcheck.dylib
0x00007fff6ea1b000 	/usr/lib/libSMC.dylib
0x00007fff4bfdc000 	/System/Library/PrivateFrameworks/AudioResourceArbitration.framework/Versions/A/AudioResourceArbitration
0x00007fff70ae6000 	/usr/lib/libspindump.dylib
0x00007fff4f353000 	/System/Library/PrivateFrameworks/CoreAVCHD.framework/Versions/A/CoreAVCHD
0x00007fff3c788000 	/System/Library/Frameworks/MediaAccessibility.framework/Versions/A/MediaAccessibility
0x00007fff5daee000 	/System/Library/PrivateFrameworks/Mangrove.framework/Versions/A/Mangrove
0x00007fff4ef7d000 	/System/Library/PrivateFrameworks/CoreAUC.framework/Versions/A/CoreAUC
0x00007fff4b9f1000 	/System/Library/PrivateFrameworks/AppleVA.framework/Versions/A/AppleVA
0x0000000114a3c000 	/Library/Java/JavaVirtualMachines/adoptopenjdk-8.jdk/Contents/Home/jre/lib/libawt.dylib
0x0000000114adb000 	/Library/Java/JavaVirtualMachines/adoptopenjdk-8.jdk/Contents/Home/jre/lib/libmlib_image.dylib
0x00007fff3c3cd000 	/System/Library/Frameworks/JavaVM.framework/Versions/A/Frameworks/JavaNativeFoundation.framework/Versions/A/JavaNativeFoundation
0x00007fff3c3d6000 	/System/Library/Frameworks/JavaVM.framework/Versions/A/Frameworks/JavaRuntimeSupport.framework/Versions/A/JavaRuntimeSupport
0x00007fff3c3de000 	/System/Library/Frameworks/JavaVM.framework/Versions/A/JavaVM
0x00007fff5cdf5000 	/System/Library/PrivateFrameworks/JavaLaunching.framework/Versions/A/JavaLaunching
0x00007fff366af000 	/System/Library/Frameworks/Carbon.framework/Versions/A/Carbon
0x00007fff513e3000 	/System/Library/PrivateFrameworks/CoreSymbolication.framework/Versions/A/CoreSymbolication
0x00007fff366b0000 	/System/Library/Frameworks/Carbon.framework/Versions/A/Frameworks/CommonPanels.framework/Versions/A/CommonPanels
0x00007fff369a9000 	/System/Library/Frameworks/Carbon.framework/Versions/A/Frameworks/Help.framework/Versions/A/Help
0x00007fff369ad000 	/System/Library/Frameworks/Carbon.framework/Versions/A/Frameworks/ImageCapture.framework/Versions/A/ImageCapture
0x00007fff369b4000 	/System/Library/Frameworks/Carbon.framework/Versions/A/Frameworks/OpenScripting.framework/Versions/A/OpenScripting
0x00007fff369b3000 	/System/Library/Frameworks/Carbon.framework/Versions/A/Frameworks/Ink.framework/Versions/A/Ink
0x00007fff369ef000 	/System/Library/Frameworks/Carbon.framework/Versions/A/Frameworks/Print.framework/Versions/A/Print
0x00007fff369f0000 	/System/Library/Frameworks/Carbon.framework/Versions/A/Frameworks/SecurityHI.framework/Versions/A/SecurityHI
0x00007fff51b65000 	/System/Library/PrivateFrameworks/DebugSymbols.framework/Versions/A/DebugSymbols
0x0000000114b9a000 	/Library/Java/JavaVirtualMachines/adoptopenjdk-8.jdk/Contents/Home/jre/lib/libawt_lwawt.dylib
0x0000000114c40000 	/Library/Java/JavaVirtualMachines/adoptopenjdk-8.jdk/Contents/Home/jre/lib/libosxapp.dylib
0x00007fff39f8d000 	/System/Library/Frameworks/ExceptionHandling.framework/Versions/A/ExceptionHandling
0x00007fff50e5c000 	/System/Library/PrivateFrameworks/CoreServicesInternal.framework/Versions/A/CoreServicesInternal
0x00007fff39fac000 	/System/Library/Frameworks/FileProvider.framework/Versions/A/FileProvider
0x00007fff34b3f000 	/System/Library/Frameworks/Accounts.framework/Versions/A/Accounts
0x00007fff59248000 	/System/Library/PrivateFrameworks/GenerationalStorage.framework/Versions/A/GenerationalStorage
0x00007fff68097000 	/System/Library/PrivateFrameworks/SymptomDiagnosticReporter.framework/Versions/A/SymptomDiagnosticReporter
0x00007fff4ab9c000 	/System/Library/PrivateFrameworks/AppContainer.framework/Versions/A/AppContainer
0x00007fff70a8e000 	/usr/lib/libsandbox.1.dylib
0x00007fff699f0000 	/System/Library/PrivateFrameworks/UserManagement.framework/Versions/A/UserManagement
0x00007fff4d940000 	/System/Library/PrivateFrameworks/ChunkingLibrary.framework/Versions/A/ChunkingLibrary
0x00007fff4ac0e000 	/System/Library/PrivateFrameworks/AppSandbox.framework/Versions/A/AppSandbox
0x00007fff65660000 	/System/Library/PrivateFrameworks/SecCodeWrapper.framework/Versions/A/SecCodeWrapper
0x00007fff6e945000 	/usr/lib/libMatch.1.dylib
0x00007fff2ab27000 	/System/Library/CoreServices/RawCamera.bundle/Contents/MacOS/RawCamera
0x00007fff5e73a000 	/System/Library/PrivateFrameworks/MobileAsset.framework/Versions/A/MobileAsset
0x00007fff67f3f000 	/System/Library/PrivateFrameworks/StreamingZip.framework/Versions/A/StreamingZip
0x00007fff336bd000 	/System/Library/Frameworks/Accelerate.framework/Versions/A/Frameworks/vImage.framework/Versions/A/Libraries/libCGInterfaces.dylib
0x000000011650f000 	/usr/lib/libobjc-trampolines.dylib
0x00007fff542de000 	/System/Library/PrivateFrameworks/FontServices.framework/libTrueTypeScaler.dylib
0x00007fff2b1e8000 	/System/Library/Extensions/AMDRadeonX6000MTLDriver.bundle/Contents/MacOS/AMDRadeonX6000MTLDriver
0x00007fff5c783000 	/System/Library/PrivateFrameworks/IOAccelMemoryInfo.framework/Versions/A/IOAccelMemoryInfo
0x00007fff30435000 	/System/Library/Extensions/AppleIntelKBLGraphicsMTLDriver.bundle/Contents/MacOS/AppleIntelKBLGraphicsMTLDriver
0x00007fff57868000 	/System/Library/PrivateFrameworks/GPUCompiler.framework/Versions/3902/Libraries/libmetal_timestamp.dylib
0x00007fff6a7bc000 	/System/Library/PrivateFrameworks/ViewBridge.framework/Versions/A/ViewBridge
0x00007fff6ba4d000 	/System/Library/PrivateFrameworks/login.framework/Versions/A/login
0x000000011767e000 	/Library/Java/JavaVirtualMachines/adoptopenjdk-8.jdk/Contents/Home/jre/lib/libfontmanager.dylib
0x00000001176de000 	/Library/Java/JavaVirtualMachines/adoptopenjdk-8.jdk/Contents/Home/jre/lib/libfreetype.6.dylib
0x00007fff425c9000 	/System/Library/Frameworks/OpenGL.framework/Versions/A/Resources/GLEngine.bundle/GLEngine
0x00007fff419ac000 	/System/Library/Frameworks/OpenGL.framework/Versions/A/Libraries/libGLProgrammability.dylib
0x00007fff2f42d000 	/System/Library/Extensions/AppleIntelKBLGraphicsGLDriver.bundle/Contents/MacOS/AppleIntelKBLGraphicsGLDriver
0x00007fff58f17000 	/System/Library/PrivateFrameworks/GPUSupport.framework/Versions/A/Libraries/libGPUSupportMercury.dylib
0x00000001177b6000 	/System/Library/Extensions/AMDRadeonX6000GLDriver.bundle/Contents/MacOS/AMDRadeonX6000GLDriver
0x00007fff2b1b1000 	/System/Library/Extensions/AMDRadeonX6000GLDriver.bundle/Contents/MacOS/ATIRadeonX6000SCLib.dylib
0x00007fff2c3b6000 	/System/Library/Extensions/AMDShared.bundle/Contents/PlugIns/libSC.dylib
0x00007fff42743000 	/System/Library/Frameworks/OpenGL.framework/Versions/A/Resources/GLRendererFloat.bundle/GLRendererFloat
0x00007fff40f65000 	/System/Library/Frameworks/OpenCL.framework/Versions/A/Libraries/libcldcpuengine.dylib
0x0000000117a8d000 	/Library/Java/JavaVirtualMachines/adoptopenjdk-8.jdk/Contents/Home/jre/lib/libosxui.dylib
0x0000000117a9b000 	/Library/Java/JavaVirtualMachines/adoptopenjdk-8.jdk/Contents/Home/jre/lib/libmanagement.dylib
0x000000013746f000 	/System/Library/Extensions/AppleGFXHDA.kext/Contents/PlugIns/AppleGFXHDAHALPlugIn.bundle/Contents/MacOS/AppleGFXHDAHALPlugIn
0x000000013747c000 	/System/Library/Frameworks/CoreMediaIO.framework/Resources/VDC.plugin/Contents/MacOS/VDC
0x00000001374e4000 	/System/Library/Frameworks/CoreMediaIO.framework/Resources/BaseUnits/CMIOBaseUnits.bundle/Contents/MacOS/CMIOBaseUnits
0x0000000137634000 	/System/Library/Frameworks/CoreMediaIO.framework/Resources/CMIOUnits.bundle/Contents/MacOS/CMIOUnits
0x00007fff536d6000 	/System/Library/PrivateFrameworks/FWAVC.framework/Versions/A/FWAVC
0x000000013770c000 	/System/Library/Components/AudioCodecs.component/Contents/MacOS/AudioCodecs

VM Arguments:
jvm_args: -Djava.library.path=/Users/jincheng/Desktop/INFO_PROJ/lib/OpenCV320/code -javaagent:/Applications/IntelliJ IDEA.app/Contents/lib/idea_rt.jar=57610:/Applications/IntelliJ IDEA.app/Contents/bin -Dfile.encoding=UTF-8 
java_command: ProcessingTest
java_class_path (initial): /Library/Java/JavaVirtualMachines/adoptopenjdk-8.jdk/Contents/Home/jre/lib/charsets.jar:/Library/Java/JavaVirtualMachines/adoptopenjdk-8.jdk/Contents/Home/jre/lib/ext/cldrdata.jar:/Library/Java/JavaVirtualMachines/adoptopenjdk-8.jdk/Contents/Home/jre/lib/ext/dnsns.jar:/Library/Java/JavaVirtualMachines/adoptopenjdk-8.jdk/Contents/Home/jre/lib/ext/jaccess.jar:/Library/Java/JavaVirtualMachines/adoptopenjdk-8.jdk/Contents/Home/jre/lib/ext/localedata.jar:/Library/Java/JavaVirtualMachines/adoptopenjdk-8.jdk/Contents/Home/jre/lib/ext/nashorn.jar:/Library/Java/JavaVirtualMachines/adoptopenjdk-8.jdk/Contents/Home/jre/lib/ext/sunec.jar:/Library/Java/JavaVirtualMachines/adoptopenjdk-8.jdk/Contents/Home/jre/lib/ext/sunjce_provider.jar:/Library/Java/JavaVirtualMachines/adoptopenjdk-8.jdk/Contents/Home/jre/lib/ext/sunpkcs11.jar:/Library/Java/JavaVirtualMachines/adoptopenjdk-8.jdk/Contents/Home/jre/lib/ext/zipfs.jar:/Library/Java/JavaVirtualMachines/adoptopenjdk-8.jdk/Contents/Home/jre/lib/jce.jar:/Library/Java/JavaVirtualMachines/adoptopenjdk-8.jdk/Contents/Home/jre/lib/jfr.jar:/Library/Java/JavaVirtualMachines/adoptopenjdk-8.jdk/Contents/Home/jre/lib/jsse.jar:/Library/Java/JavaVirtualMachines/adoptopenjdk-8.jdk/Contents/Home/jre/lib/management-agent.jar:/Library/Java/JavaVirtualMachines/adoptopenjdk-8.jdk/Contents/Home/jre/lib/resources.jar:/Library/Java/JavaVirtualMachines/adoptopenjdk-8.jdk/Contents/Home/jre/lib/rt.jar:/Library/Java/JavaVirtualMachines/adoptopenjdk-8.jdk/Contents/Home/lib/dt.jar:/Library/Java/JavaVirtualMachines/adoptopenjdk-8.jdk/Contents/Home/lib/jconsole.jar:/Library/Java/JavaVirtualMachines/adoptopenjdk-8.jdk/Contents/Home/lib/sa-jdi.jar:/Library/Java/JavaVirtualMachines/adoptopenjdk-8.jdk/Contents/Home/lib/tools.jar:/Users/jincheng/Desktop/INFO_PROJ/out/production/Processing_proj:/Applications/Processing.app/Contents/Java/core/library/core.jar:/Users/jincheng/Desktop/INFO_PROJ/lib/OpenCV320/code/opencv-320.jar:/Users/jincheng/
Launcher Type: SUN_STANDARD

Environment Variables:
JAVA_HOME=/Library/Java/JavaVirtualMachines/liberica-jdk-14-full.jdk/Contents/Home
PATH=/Library/Java/JavaVirtualMachines/liberica-jdk-14-full.jdk/Contents/Home/bin:/Users/jincheng/flutter/bin:/Users/jincheng/opt/anaconda3/bin:/Users/jincheng/opt/anaconda3/condabin:/usr/local/bin:/usr/bin:/bin:/usr/sbin:/sbin:/Library/TeX/texbin:/Library/Apple/usr/bin
SHELL=/bin/bash

Signal Handlers:
SIGSEGV: [libjvm.dylib+0x595d31], sa_mask[0]=11111111011111110111111111111111, sa_flags=SA_ONSTACK|SA_RESTART|SA_SIGINFO
SIGBUS: [libjvm.dylib+0x595d31], sa_mask[0]=11111111011111110111111111111111, sa_flags=SA_RESTART|SA_SIGINFO
SIGFPE: [libjvm.dylib+0x48a2eb], sa_mask[0]=11111111011111110111111111111111, sa_flags=SA_RESTART|SA_SIGINFO
SIGPIPE: [libjvm.dylib+0x48a2eb], sa_mask[0]=11111111011111110111111111111111, sa_flags=SA_RESTART|SA_SIGINFO
SIGXFSZ: [libjvm.dylib+0x48a2eb], sa_mask[0]=11111111011111110111111111111111, sa_flags=SA_RESTART|SA_SIGINFO
SIGILL: [libjvm.dylib+0x48a2eb], sa_mask[0]=11111111011111110111111111111111, sa_flags=SA_RESTART|SA_SIGINFO
SIGUSR1: SIG_DFL, sa_mask[0]=00000000000000000000000000000000, sa_flags=none
SIGUSR2: [libjvm.dylib+0x48abe2], sa_mask[0]=00100000000000000000000000000000, sa_flags=SA_RESTART|SA_SIGINFO
SIGHUP: [libjvm.dylib+0x488de1], sa_mask[0]=11111111011111110111111111111111, sa_flags=SA_RESTART|SA_SIGINFO
SIGINT: [libjvm.dylib+0x488de1], sa_mask[0]=11111111011111110111111111111111, sa_flags=SA_RESTART|SA_SIGINFO
SIGTERM: [libjvm.dylib+0x488de1], sa_mask[0]=11111111011111110111111111111111, sa_flags=SA_RESTART|SA_SIGINFO
SIGQUIT: [libjvm.dylib+0x488de1], sa_mask[0]=11111111011111110111111111111111, sa_flags=SA_RESTART|SA_SIGINFO


---------------  S Y S T E M  ---------------

OS:Bsduname:Darwin 19.6.0 Darwin Kernel Version 19.6.0: Mon Aug 31 22:12:52 PDT 2020; root:xnu-6153.141.2~1/RELEASE_X86_64 x86_64
rlimit: STACK 8192k, CORE 0k, NPROC 5568, NOFILE 10240, AS infinity
load average:14.89 5.49 3.09

CPU:total 16 (initial active 16) (8 cores per cpu, 2 threads per core) family 6 model 158 stepping 13, cmov, cx8, fxsr, mmx, sse, sse2, sse3, ssse3, sse4.1, sse4.2, popcnt, avx, avx2, aes, clmul, erms, 3dnowpref, lzcnt, ht, tsc, tscinvbit, bmi1, bmi2, adx

Memory: 4k page, physical 33554432k(1360584k free)

/proc/meminfo:


vm_info: OpenJDK 64-Bit Server VM (25.265-b01) for bsd-amd64 JRE (1.8.0_265-b01), built on Jul 28 2020 16:14:07 by "jenkins" with gcc 4.2.1 Compatible Apple LLVM 10.0.1 (clang-1001.0.46.4)

time: Tue Oct 20 19:03:05 2020
timezone: CST
elapsed time: 3 seconds (0d 0h 0m 3s)

